1 try to accept connection from UPS
1 try to accept connection from UPS
1 try to accept connection from UPS
1 try to accept connection from UPS
handshake success
1 try to accept connection from UPS
handshake success
1 try to accept connection from UPS
1 try to accept connection from UPS
handshake success
1 try to accept connection from UPS
1 try to accept connection from UPS
1 try to accept connection from UPS
1 try to accept connection from UPS
1 try to accept connection from UPS
1 try to accept connection from UPS
1 try to accept connection from UPS
1 try to accept connection from UPS
handshake success
1 try to accept connection from UPS
1 try to accept connection from UPS
handshake success
1 try to accept connection from UPS
handshake success
1 try to accept connection from UPS
handshake success
1 try to accept connection from UPS
handshake success
1 try to accept connection from UPS
handshake success
nventory is not enough for order 
1 try to accept connection from UPS
handshake success
nventory is not enough for order 
Purchased 100 products7 are arrived at warehouse 0
nventory is enough for order 
truck 1 arrive for order 1
Already pack order 1
Already load order 1
ventory is enough for order 
entory is not enough for order 
Purchased 200 products6 are arrived at warehouse 0
entory is enough for order 
truck 2 arrive for order 2
Already delivered order 1
truck 3 arrive for order 3
Already pack order 2
Already pack order 3
ntory is not enough for order 
Purchased 200 products5 are arrived at warehouse 0
ntory is enough for order 
truck 4 arrive for order 4
Already pack order 4
Already load order 2
Already load order 3
Already delivered order 2
Already delivered order 3
Already load order 4
Already delivered order 4
tory is enough for order 
ory is enough for order 
truck 5 arrive for order 5
truck 1 arrive for order 6
Already pack order 5
Already pack order 6
Already load order 5
Already delivered order 5
Already load order 6
Already delivered order 6
ry is enough for order 
y is enough for order 
truck 2 arrive for order 7
truck 3 arrive for order 8
Already pack order 7
Already pack order 8
Already load order 7
Already load order 8
Already delivered order 7
Already delivered order 8
1 try to accept connection from UPS
